<?xml version="1.0" encoding="UTF-8"?>
<testng-results ignored="0" total="31" passed="30" failed="1" skipped="0">
  <reporter-output>
  </reporter-output>
  <suite started-at="2025-03-21T22:59:27 CET" name="Master Suite" finished-at="2025-03-21T23:01:00 CET" duration-ms="93079">
    <groups>
      <group name="Master">
        <method signature="EndToEndTest.testEndToEnd()[pri:0, instance:e2e.EndToEndTest@4c5228e7]" name="testEndToEnd" class="e2e.EndToEndTest"/>
        <method signature="CheckOutCompleteTest.testCheckoutComplete()[pri:0, instance:tests.CheckOutCompleteTest@69453e37]" name="testCheckoutComplete" class="tests.CheckOutCompleteTest"/>
        <method signature="CheckoutOnePageTest.testCheckoutPage()[pri:0, instance:tests.CheckoutOnePageTest@6200f9cb]" name="testCheckoutPage" class="tests.CheckoutOnePageTest"/>
        <method signature="CheckoutTwoPageTest.testCheckoutTwoPage()[pri:0, instance:tests.CheckoutTwoPageTest@2002fc1d]" name="testCheckoutTwoPage" class="tests.CheckoutTwoPageTest"/>
        <method signature="CheckoutTwoPageTest.testCheckoutTwoPageAndAddOneItem()[pri:0, instance:tests.CheckoutTwoPageTest@2002fc1d]" name="testCheckoutTwoPageAndAddOneItem" class="tests.CheckoutTwoPageTest"/>
        <method signature="FilterTest.testFilterByNameDescending()[pri:0, instance:tests.FilterTest@3febb011]" name="testFilterByNameDescending" class="tests.FilterTest"/>
        <method signature="FilterTest.testFilterByPriceAscending()[pri:0, instance:tests.FilterTest@3febb011]" name="testFilterByPriceAscending" class="tests.FilterTest"/>
        <method signature="FilterTest.testFilterByPriceDescending()[pri:0, instance:tests.FilterTest@3febb011]" name="testFilterByPriceDescending" class="tests.FilterTest"/>
        <method signature="FilterTest.testFilterOptions()[pri:0, instance:tests.FilterTest@3febb011]" name="testFilterOptions" class="tests.FilterTest"/>
        <method signature="FilterTest.testSelectedOption()[pri:0, instance:tests.FilterTest@3febb011]" name="testSelectedOption" class="tests.FilterTest"/>
        <method signature="InventoryDataDrivenTest.testAddAllItemsToCart(int,java.lang.String,java.lang.String,double)[pri:0, instance:tests.InventoryDataDrivenTest@6f4a47c7]" name="testAddAllItemsToCart" class="tests.InventoryDataDrivenTest"/>
        <method signature="InventoryDataDrivenTest.testRemoveAllItemsFromCart(int,java.lang.String,java.lang.String,double)[pri:0, instance:tests.InventoryDataDrivenTest@6f4a47c7]" name="testRemoveAllItemsFromCart" class="tests.InventoryDataDrivenTest"/>
        <method signature="InventoryTest.testAddAndRemoveOneItem()[pri:0, instance:tests.InventoryTest@8f4ea7c]" name="testAddAndRemoveOneItem" class="tests.InventoryTest"/>
        <method signature="InventoryTest.testAddNotExistingItem()[pri:0, instance:tests.InventoryTest@8f4ea7c]" name="testAddNotExistingItem" class="tests.InventoryTest"/>
        <method signature="InventoryTest.testAddTwoAndRemoveOneItem()[pri:0, instance:tests.InventoryTest@8f4ea7c]" name="testAddTwoAndRemoveOneItem" class="tests.InventoryTest"/>
        <method signature="LogInTest.testLogInSuccessful()[pri:0, instance:tests.LogInTest@6356695f]" name="testLogInSuccessful" class="tests.LogInTest"/>
        <method signature="LogInTest.testLogInWithWrongUserName()[pri:0, instance:tests.LogInTest@6356695f]" name="testLogInWithWrongUserName" class="tests.LogInTest"/>
        <method signature="CartTest.testCartWithTwoItems()[pri:1, instance:tests.CartTest@74fe5c40]" name="testCartWithTwoItems" class="tests.CartTest"/>
        <method signature="InventoryItemTest.testOpenOneItemPage()[pri:1, instance:tests.InventoryItemTest@436813f3]" name="testOpenOneItemPage" class="tests.InventoryItemTest"/>
        <method signature="CartTest.testCartWithThreeItems()[pri:2, instance:tests.CartTest@74fe5c40]" name="testCartWithThreeItems" class="tests.CartTest"/>
        <method signature="InventoryItemTest.testAddFirstItemAndOpenSecondItemPage()[pri:2, instance:tests.InventoryItemTest@436813f3]" name="testAddFirstItemAndOpenSecondItemPage" class="tests.InventoryItemTest"/>
      </group> <!-- Master -->
      <group name="Sanity">
        <method signature="CheckOutCompleteTest.testCheckoutComplete()[pri:0, instance:tests.CheckOutCompleteTest@69453e37]" name="testCheckoutComplete" class="tests.CheckOutCompleteTest"/>
        <method signature="CheckoutOnePageTest.testCheckoutPage()[pri:0, instance:tests.CheckoutOnePageTest@6200f9cb]" name="testCheckoutPage" class="tests.CheckoutOnePageTest"/>
        <method signature="CheckoutTwoPageTest.testCheckoutTwoPage()[pri:0, instance:tests.CheckoutTwoPageTest@2002fc1d]" name="testCheckoutTwoPage" class="tests.CheckoutTwoPageTest"/>
        <method signature="CheckoutTwoPageTest.testCheckoutTwoPageAndAddOneItem()[pri:0, instance:tests.CheckoutTwoPageTest@2002fc1d]" name="testCheckoutTwoPageAndAddOneItem" class="tests.CheckoutTwoPageTest"/>
        <method signature="FilterTest.testFilterByNameDescending()[pri:0, instance:tests.FilterTest@3febb011]" name="testFilterByNameDescending" class="tests.FilterTest"/>
        <method signature="FilterTest.testFilterByPriceAscending()[pri:0, instance:tests.FilterTest@3febb011]" name="testFilterByPriceAscending" class="tests.FilterTest"/>
        <method signature="FilterTest.testFilterByPriceDescending()[pri:0, instance:tests.FilterTest@3febb011]" name="testFilterByPriceDescending" class="tests.FilterTest"/>
        <method signature="FilterTest.testFilterOptions()[pri:0, instance:tests.FilterTest@3febb011]" name="testFilterOptions" class="tests.FilterTest"/>
        <method signature="FilterTest.testSelectedOption()[pri:0, instance:tests.FilterTest@3febb011]" name="testSelectedOption" class="tests.FilterTest"/>
        <method signature="InventoryTest.testAddAndRemoveOneItem()[pri:0, instance:tests.InventoryTest@8f4ea7c]" name="testAddAndRemoveOneItem" class="tests.InventoryTest"/>
        <method signature="InventoryTest.testAddNotExistingItem()[pri:0, instance:tests.InventoryTest@8f4ea7c]" name="testAddNotExistingItem" class="tests.InventoryTest"/>
        <method signature="InventoryTest.testAddTwoAndRemoveOneItem()[pri:0, instance:tests.InventoryTest@8f4ea7c]" name="testAddTwoAndRemoveOneItem" class="tests.InventoryTest"/>
        <method signature="LogInTest.testLogInSuccessful()[pri:0, instance:tests.LogInTest@6356695f]" name="testLogInSuccessful" class="tests.LogInTest"/>
        <method signature="LogInTest.testLogInWithWrongUserName()[pri:0, instance:tests.LogInTest@6356695f]" name="testLogInWithWrongUserName" class="tests.LogInTest"/>
        <method signature="CartTest.testCartWithTwoItems()[pri:1, instance:tests.CartTest@74fe5c40]" name="testCartWithTwoItems" class="tests.CartTest"/>
        <method signature="InventoryItemTest.testOpenOneItemPage()[pri:1, instance:tests.InventoryItemTest@436813f3]" name="testOpenOneItemPage" class="tests.InventoryItemTest"/>
        <method signature="CartTest.testCartWithThreeItems()[pri:2, instance:tests.CartTest@74fe5c40]" name="testCartWithThreeItems" class="tests.CartTest"/>
        <method signature="InventoryItemTest.testAddFirstItemAndOpenSecondItemPage()[pri:2, instance:tests.InventoryItemTest@436813f3]" name="testAddFirstItemAndOpenSecondItemPage" class="tests.InventoryItemTest"/>
      </group> <!-- Sanity -->
      <group name="EndToEnd">
        <method signature="EndToEndTest.testEndToEnd()[pri:0, instance:e2e.EndToEndTest@4c5228e7]" name="testEndToEnd" class="e2e.EndToEndTest"/>
      </group> <!-- EndToEnd -->
      <group name="DataDriven">
        <method signature="InventoryDataDrivenTest.testAddAllItemsToCart(int,java.lang.String,java.lang.String,double)[pri:0, instance:tests.InventoryDataDrivenTest@6f4a47c7]" name="testAddAllItemsToCart" class="tests.InventoryDataDrivenTest"/>
        <method signature="InventoryDataDrivenTest.testRemoveAllItemsFromCart(int,java.lang.String,java.lang.String,double)[pri:0, instance:tests.InventoryDataDrivenTest@6f4a47c7]" name="testRemoveAllItemsFromCart" class="tests.InventoryDataDrivenTest"/>
      </group> <!-- DataDriven -->
    </groups>
    <test started-at="2025-03-21T22:59:27 CET" name="SauceDemoTest" finished-at="2025-03-21T23:01:00 CET" duration-ms="93079">
      <class name="e2e.EndToEndTest">
        <test-method is-config="true" signature="setUp()[pri:0, instance:e2e.EndToEndTest@4c5228e7]" started-at="2025-03-21T23:00:51 CET" name="setUp" finished-at="2025-03-21T23:00:55 CET" duration-ms="3441" status="PASS">
          <reporter-output>
          </reporter-output>
        </test-method> <!-- setUp -->
        <test-method signature="testEndToEnd()[pri:0, instance:e2e.EndToEndTest@4c5228e7]" started-at="2025-03-21T23:00:55 CET" name="testEndToEnd" finished-at="2025-03-21T23:01:00 CET" duration-ms="4961" status="PASS">
          <reporter-output>
          </reporter-output>
        </test-method> <!-- testEndToEnd -->
        <test-method is-config="true" signature="tearDown()[pri:0, instance:e2e.EndToEndTest@4c5228e7]" started-at="2025-03-21T23:01:00 CET" name="tearDown" finished-at="2025-03-21T23:01:00 CET" duration-ms="624" status="PASS">
          <reporter-output>
          </reporter-output>
        </test-method> <!-- tearDown -->
      </class> <!-- e2e.EndToEndTest -->
      <class name="tests.InventoryItemTest">
        <test-method is-config="true" signature="setUp()[pri:0, instance:tests.InventoryItemTest@436813f3]" started-at="2025-03-21T22:59:46 CET" name="setUp" finished-at="2025-03-21T22:59:50 CET" duration-ms="4053" status="PASS">
          <reporter-output>
          </reporter-output>
        </test-method> <!-- setUp -->
        <test-method is-config="true" signature="logInPage()[pri:0, instance:tests.InventoryItemTest@436813f3]" started-at="2025-03-21T22:59:50 CET" name="logInPage" finished-at="2025-03-21T22:59:51 CET" duration-ms="801" status="PASS">
          <reporter-output>
          </reporter-output>
        </test-method> <!-- logInPage -->
        <test-method signature="testOpenOneItemPage()[pri:1, instance:tests.InventoryItemTest@436813f3]" started-at="2025-03-21T22:59:51 CET" name="testOpenOneItemPage" finished-at="2025-03-21T22:59:52 CET" duration-ms="1260" status="PASS">
          <reporter-output>
          </reporter-output>
        </test-method> <!-- testOpenOneItemPage -->
        <test-method signature="testAddFirstItemAndOpenSecondItemPage()[pri:2, instance:tests.InventoryItemTest@436813f3]" started-at="2025-03-21T22:59:52 CET" name="testAddFirstItemAndOpenSecondItemPage" finished-at="2025-03-21T22:59:53 CET" duration-ms="1048" status="PASS">
          <reporter-output>
          </reporter-output>
        </test-method> <!-- testAddFirstItemAndOpenSecondItemPage -->
        <test-method is-config="true" signature="tearDown()[pri:0, instance:tests.InventoryItemTest@436813f3]" started-at="2025-03-21T22:59:53 CET" name="tearDown" finished-at="2025-03-21T22:59:54 CET" duration-ms="443" status="PASS">
          <reporter-output>
          </reporter-output>
        </test-method> <!-- tearDown -->
      </class> <!-- tests.InventoryItemTest -->
      <class name="tests.InventoryDataDrivenTest">
        <test-method is-config="true" signature="setUp()[pri:0, instance:tests.InventoryDataDrivenTest@6f4a47c7]" started-at="2025-03-21T23:00:35 CET" name="setUp" finished-at="2025-03-21T23:00:39 CET" duration-ms="3781" status="PASS">
          <reporter-output>
          </reporter-output>
        </test-method> <!-- setUp -->
        <test-method is-config="true" signature="logInPage()[pri:0, instance:tests.InventoryDataDrivenTest@6f4a47c7]" started-at="2025-03-21T23:00:39 CET" name="logInPage" finished-at="2025-03-21T23:00:40 CET" duration-ms="815" status="PASS">
          <reporter-output>
          </reporter-output>
        </test-method> <!-- logInPage -->
        <test-method signature="testAddAllItemsToCart(int,java.lang.String,java.lang.String,double)[pri:0, instance:tests.InventoryDataDrivenTest@6f4a47c7]" started-at="2025-03-21T23:00:40 CET" name="testAddAllItemsToCart" data-provider="userInventoryItemsProvider" finished-at="2025-03-21T23:00:41 CET" duration-ms="955" status="PASS">
          <params>
            <param index="0">
              <value>
                <![CDATA[0]]>
              </value>
            </param>
            <param index="1">
              <value>
                <![CDATA[Sauce Labs Backpack]]>
              </value>
            </param>
            <param index="2">
              <value>
                <![CDATA[carry.allTheThings() with the sleek, streamlined Sly Pack that melds uncompromising style with unequaled laptop and tablet protection.]]>
              </value>
            </param>
            <param index="3">
              <value>
                <![CDATA[29.99]]>
              </value>
            </param>
          </params>
          <reporter-output>
          </reporter-output>
        </test-method> <!-- testAddAllItemsToCart -->
        <test-method signature="testAddAllItemsToCart(int,java.lang.String,java.lang.String,double)[pri:0, instance:tests.InventoryDataDrivenTest@6f4a47c7]" started-at="2025-03-21T23:00:41 CET" name="testAddAllItemsToCart" data-provider="userInventoryItemsProvider" finished-at="2025-03-21T23:00:42 CET" duration-ms="769" status="PASS">
          <params>
            <param index="0">
              <value>
                <![CDATA[1]]>
              </value>
            </param>
            <param index="1">
              <value>
                <![CDATA[Sauce Labs Bike Light]]>
              </value>
            </param>
            <param index="2">
              <value>
                <![CDATA[A red light isn't the desired state in testing but it sure helps when riding your bike at night. Water-resistant with 3 lighting modes, 1 AAA battery included.]]>
              </value>
            </param>
            <param index="3">
              <value>
                <![CDATA[9.99]]>
              </value>
            </param>
          </params>
          <reporter-output>
          </reporter-output>
        </test-method> <!-- testAddAllItemsToCart -->
        <test-method signature="testAddAllItemsToCart(int,java.lang.String,java.lang.String,double)[pri:0, instance:tests.InventoryDataDrivenTest@6f4a47c7]" started-at="2025-03-21T23:00:42 CET" name="testAddAllItemsToCart" data-provider="userInventoryItemsProvider" finished-at="2025-03-21T23:00:43 CET" duration-ms="1080" status="PASS">
          <params>
            <param index="0">
              <value>
                <![CDATA[2]]>
              </value>
            </param>
            <param index="1">
              <value>
                <![CDATA[Sauce Labs Bolt T-Shirt]]>
              </value>
            </param>
            <param index="2">
              <value>
                <![CDATA[Get your testing superhero on with the Sauce Labs bolt T-shirt. From American Apparel, 100% ringspun combed cotton, heather gray with red bolt.]]>
              </value>
            </param>
            <param index="3">
              <value>
                <![CDATA[15.99]]>
              </value>
            </param>
          </params>
          <reporter-output>
          </reporter-output>
        </test-method> <!-- testAddAllItemsToCart -->
        <test-method signature="testAddAllItemsToCart(int,java.lang.String,java.lang.String,double)[pri:0, instance:tests.InventoryDataDrivenTest@6f4a47c7]" started-at="2025-03-21T23:00:43 CET" name="testAddAllItemsToCart" data-provider="userInventoryItemsProvider" finished-at="2025-03-21T23:00:44 CET" duration-ms="870" status="PASS">
          <params>
            <param index="0">
              <value>
                <![CDATA[3]]>
              </value>
            </param>
            <param index="1">
              <value>
                <![CDATA[Sauce Labs Fleece Jacket]]>
              </value>
            </param>
            <param index="2">
              <value>
                <![CDATA[It's not every day that you come across a midweight quarter-zip fleece jacket capable of handling everything from a relaxing day outdoors to a busy day at the office.]]>
              </value>
            </param>
            <param index="3">
              <value>
                <![CDATA[49.99]]>
              </value>
            </param>
          </params>
          <reporter-output>
          </reporter-output>
        </test-method> <!-- testAddAllItemsToCart -->
        <test-method signature="testAddAllItemsToCart(int,java.lang.String,java.lang.String,double)[pri:0, instance:tests.InventoryDataDrivenTest@6f4a47c7]" started-at="2025-03-21T23:00:44 CET" name="testAddAllItemsToCart" data-provider="userInventoryItemsProvider" finished-at="2025-03-21T23:00:45 CET" duration-ms="892" status="PASS">
          <params>
            <param index="0">
              <value>
                <![CDATA[4]]>
              </value>
            </param>
            <param index="1">
              <value>
                <![CDATA[Sauce Labs Onesie]]>
              </value>
            </param>
            <param index="2">
              <value>
                <![CDATA[Rib snap infant onesie for the junior automation engineer in development. Reinforced 3-snap bottom closure, two-needle hemmed sleeved and bottom won't unravel.]]>
              </value>
            </param>
            <param index="3">
              <value>
                <![CDATA[7.99]]>
              </value>
            </param>
          </params>
          <reporter-output>
          </reporter-output>
        </test-method> <!-- testAddAllItemsToCart -->
        <test-method signature="testAddAllItemsToCart(int,java.lang.String,java.lang.String,double)[pri:0, instance:tests.InventoryDataDrivenTest@6f4a47c7]" started-at="2025-03-21T23:00:45 CET" name="testAddAllItemsToCart" data-provider="userInventoryItemsProvider" finished-at="2025-03-21T23:00:46 CET" duration-ms="887" status="PASS">
          <params>
            <param index="0">
              <value>
                <![CDATA[5]]>
              </value>
            </param>
            <param index="1">
              <value>
                <![CDATA[Test.allTheThings() T-Shirt (Red)]]>
              </value>
            </param>
            <param index="2">
              <value>
                <![CDATA[This classic Sauce Labs t-shirt is perfect to wear when cozying up to your keyboard to automate a few tests. Super-soft and comfy ringspun combed cotton.]]>
              </value>
            </param>
            <param index="3">
              <value>
                <![CDATA[15.99]]>
              </value>
            </param>
          </params>
          <reporter-output>
          </reporter-output>
        </test-method> <!-- testAddAllItemsToCart -->
        <test-method signature="testRemoveAllItemsFromCart(int,java.lang.String,java.lang.String,double)[pri:0, instance:tests.InventoryDataDrivenTest@6f4a47c7]" started-at="2025-03-21T23:00:46 CET" name="testRemoveAllItemsFromCart" data-provider="userInventoryItemsProvider" finished-at="2025-03-21T23:00:46 CET" duration-ms="424" status="PASS">
          <params>
            <param index="0">
              <value>
                <![CDATA[0]]>
              </value>
            </param>
            <param index="1">
              <value>
                <![CDATA[Sauce Labs Backpack]]>
              </value>
            </param>
            <param index="2">
              <value>
                <![CDATA[carry.allTheThings() with the sleek, streamlined Sly Pack that melds uncompromising style with unequaled laptop and tablet protection.]]>
              </value>
            </param>
            <param index="3">
              <value>
                <![CDATA[29.99]]>
              </value>
            </param>
          </params>
          <reporter-output>
          </reporter-output>
        </test-method> <!-- testRemoveAllItemsFromCart -->
        <test-method signature="testRemoveAllItemsFromCart(int,java.lang.String,java.lang.String,double)[pri:0, instance:tests.InventoryDataDrivenTest@6f4a47c7]" started-at="2025-03-21T23:00:46 CET" name="testRemoveAllItemsFromCart" data-provider="userInventoryItemsProvider" finished-at="2025-03-21T23:00:46 CET" duration-ms="473" status="PASS">
          <params>
            <param index="0">
              <value>
                <![CDATA[1]]>
              </value>
            </param>
            <param index="1">
              <value>
                <![CDATA[Sauce Labs Bike Light]]>
              </value>
            </param>
            <param index="2">
              <value>
                <![CDATA[A red light isn't the desired state in testing but it sure helps when riding your bike at night. Water-resistant with 3 lighting modes, 1 AAA battery included.]]>
              </value>
            </param>
            <param index="3">
              <value>
                <![CDATA[9.99]]>
              </value>
            </param>
          </params>
          <reporter-output>
          </reporter-output>
        </test-method> <!-- testRemoveAllItemsFromCart -->
        <test-method signature="testRemoveAllItemsFromCart(int,java.lang.String,java.lang.String,double)[pri:0, instance:tests.InventoryDataDrivenTest@6f4a47c7]" started-at="2025-03-21T23:00:46 CET" name="testRemoveAllItemsFromCart" data-provider="userInventoryItemsProvider" finished-at="2025-03-21T23:00:47 CET" duration-ms="454" status="PASS">
          <params>
            <param index="0">
              <value>
                <![CDATA[2]]>
              </value>
            </param>
            <param index="1">
              <value>
                <![CDATA[Sauce Labs Bolt T-Shirt]]>
              </value>
            </param>
            <param index="2">
              <value>
                <![CDATA[Get your testing superhero on with the Sauce Labs bolt T-shirt. From American Apparel, 100% ringspun combed cotton, heather gray with red bolt.]]>
              </value>
            </param>
            <param index="3">
              <value>
                <![CDATA[15.99]]>
              </value>
            </param>
          </params>
          <reporter-output>
          </reporter-output>
        </test-method> <!-- testRemoveAllItemsFromCart -->
        <test-method signature="testRemoveAllItemsFromCart(int,java.lang.String,java.lang.String,double)[pri:0, instance:tests.InventoryDataDrivenTest@6f4a47c7]" started-at="2025-03-21T23:00:47 CET" name="testRemoveAllItemsFromCart" data-provider="userInventoryItemsProvider" finished-at="2025-03-21T23:00:47 CET" duration-ms="591" status="PASS">
          <params>
            <param index="0">
              <value>
                <![CDATA[3]]>
              </value>
            </param>
            <param index="1">
              <value>
                <![CDATA[Sauce Labs Fleece Jacket]]>
              </value>
            </param>
            <param index="2">
              <value>
                <![CDATA[It's not every day that you come across a midweight quarter-zip fleece jacket capable of handling everything from a relaxing day outdoors to a busy day at the office.]]>
              </value>
            </param>
            <param index="3">
              <value>
                <![CDATA[49.99]]>
              </value>
            </param>
          </params>
          <reporter-output>
          </reporter-output>
        </test-method> <!-- testRemoveAllItemsFromCart -->
        <test-method signature="testRemoveAllItemsFromCart(int,java.lang.String,java.lang.String,double)[pri:0, instance:tests.InventoryDataDrivenTest@6f4a47c7]" started-at="2025-03-21T23:00:47 CET" name="testRemoveAllItemsFromCart" data-provider="userInventoryItemsProvider" finished-at="2025-03-21T23:00:48 CET" duration-ms="811" status="PASS">
          <params>
            <param index="0">
              <value>
                <![CDATA[4]]>
              </value>
            </param>
            <param index="1">
              <value>
                <![CDATA[Sauce Labs Onesie]]>
              </value>
            </param>
            <param index="2">
              <value>
                <![CDATA[Rib snap infant onesie for the junior automation engineer in development. Reinforced 3-snap bottom closure, two-needle hemmed sleeved and bottom won't unravel.]]>
              </value>
            </param>
            <param index="3">
              <value>
                <![CDATA[7.99]]>
              </value>
            </param>
          </params>
          <reporter-output>
          </reporter-output>
        </test-method> <!-- testRemoveAllItemsFromCart -->
        <test-method signature="testRemoveAllItemsFromCart(int,java.lang.String,java.lang.String,double)[pri:0, instance:tests.InventoryDataDrivenTest@6f4a47c7]" started-at="2025-03-21T23:00:48 CET" name="testRemoveAllItemsFromCart" data-provider="userInventoryItemsProvider" finished-at="2025-03-21T23:00:49 CET" duration-ms="1037" status="PASS">
          <params>
            <param index="0">
              <value>
                <![CDATA[5]]>
              </value>
            </param>
            <param index="1">
              <value>
                <![CDATA[Test.allTheThings() T-Shirt (Red)]]>
              </value>
            </param>
            <param index="2">
              <value>
                <![CDATA[This classic Sauce Labs t-shirt is perfect to wear when cozying up to your keyboard to automate a few tests. Super-soft and comfy ringspun combed cotton.]]>
              </value>
            </param>
            <param index="3">
              <value>
                <![CDATA[15.99]]>
              </value>
            </param>
          </params>
          <reporter-output>
          </reporter-output>
        </test-method> <!-- testRemoveAllItemsFromCart -->
        <test-method is-config="true" signature="tearDown()[pri:0, instance:tests.InventoryDataDrivenTest@6f4a47c7]" started-at="2025-03-21T23:00:49 CET" name="tearDown" finished-at="2025-03-21T23:00:51 CET" duration-ms="2126" status="PASS">
          <reporter-output>
          </reporter-output>
        </test-method> <!-- tearDown -->
      </class> <!-- tests.InventoryDataDrivenTest -->
      <class name="tests.CheckOutCompleteTest">
        <test-method is-config="true" signature="setUp()[pri:0, instance:tests.CheckOutCompleteTest@69453e37]" started-at="2025-03-21T23:00:28 CET" name="setUp" finished-at="2025-03-21T23:00:32 CET" duration-ms="3566" status="PASS">
          <reporter-output>
          </reporter-output>
        </test-method> <!-- setUp -->
        <test-method is-config="true" signature="logInPage()[pri:0, instance:tests.CheckOutCompleteTest@69453e37]" started-at="2025-03-21T23:00:32 CET" name="logInPage" finished-at="2025-03-21T23:00:35 CET" duration-ms="2522" status="PASS">
          <reporter-output>
          </reporter-output>
        </test-method> <!-- logInPage -->
        <test-method signature="testCheckoutComplete()[pri:0, instance:tests.CheckOutCompleteTest@69453e37]" started-at="2025-03-21T23:00:35 CET" name="testCheckoutComplete" finished-at="2025-03-21T23:00:35 CET" duration-ms="266" status="PASS">
          <reporter-output>
          </reporter-output>
        </test-method> <!-- testCheckoutComplete -->
        <test-method is-config="true" signature="tearDown()[pri:0, instance:tests.CheckOutCompleteTest@69453e37]" started-at="2025-03-21T23:00:35 CET" name="tearDown" finished-at="2025-03-21T23:00:35 CET" duration-ms="553" status="PASS">
          <reporter-output>
          </reporter-output>
        </test-method> <!-- tearDown -->
      </class> <!-- tests.CheckOutCompleteTest -->
      <class name="tests.InventoryTest">
        <test-method is-config="true" signature="setUp()[pri:0, instance:tests.InventoryTest@8f4ea7c]" started-at="2025-03-21T22:59:37 CET" name="setUp" finished-at="2025-03-21T22:59:41 CET" duration-ms="4327" status="PASS">
          <reporter-output>
          </reporter-output>
        </test-method> <!-- setUp -->
        <test-method is-config="true" signature="logInPage()[pri:0, instance:tests.InventoryTest@8f4ea7c]" started-at="2025-03-21T22:59:41 CET" name="logInPage" finished-at="2025-03-21T22:59:42 CET" duration-ms="964" status="PASS">
          <reporter-output>
          </reporter-output>
        </test-method> <!-- logInPage -->
        <test-method signature="testAddAndRemoveOneItem()[pri:0, instance:tests.InventoryTest@8f4ea7c]" started-at="2025-03-21T22:59:42 CET" name="testAddAndRemoveOneItem" finished-at="2025-03-21T22:59:43 CET" duration-ms="1159" status="FAIL">
          <exception class="java.lang.AssertionError">
            <message>
              <![CDATA[Test failed: Expected 0 items in the cart, but found a different number. expected [1] but found [0]]]>
            </message>
            <full-stacktrace>
              <![CDATA[java.lang.AssertionError: Test failed: Expected 0 items in the cart, but found a different number. expected [1] but found [0]
at org.testng.Assert.fail(Assert.java:111)
at org.testng.Assert.failNotEquals(Assert.java:1578)
at org.testng.Assert.assertEqualsImpl(Assert.java:150)
at org.testng.Assert.assertEquals(Assert.java:132)
at org.testng.Assert.assertEquals(Assert.java:1419)
at org.testng.Assert.assertEquals(Assert.java:1383)
at tests.InventoryTest.testAddAndRemoveOneItem(InventoryTest.java:33)
at java.base/jdk.internal.reflect.DirectMethodHandleAccessor.invoke(DirectMethodHandleAccessor.java:103)
at java.base/java.lang.reflect.Method.invoke(Method.java:580)
at org.testng.internal.invokers.MethodInvocationHelper.invokeMethod(MethodInvocationHelper.java:141)
at org.testng.internal.invokers.TestInvoker.invokeMethod(TestInvoker.java:686)
at org.testng.internal.invokers.TestInvoker.invokeTestMethod(TestInvoker.java:230)
at org.testng.internal.invokers.MethodRunner.runInSequence(MethodRunner.java:63)
at org.testng.internal.invokers.TestInvoker$MethodInvocationAgent.invoke(TestInvoker.java:992)
at org.testng.internal.invokers.TestInvoker.invokeTestMethods(TestInvoker.java:203)
at org.testng.internal.invokers.TestMethodWorker.invokeTestMethods(TestMethodWorker.java:154)
at org.testng.internal.invokers.TestMethodWorker.run(TestMethodWorker.java:134)
at java.base/java.util.ArrayList.forEach(ArrayList.java:1597)
at org.testng.TestRunner.privateRun(TestRunner.java:739)
at org.testng.TestRunner.run(TestRunner.java:614)
at org.testng.SuiteRunner.runTest(SuiteRunner.java:421)
at org.testng.SuiteRunner.runSequentially(SuiteRunner.java:413)
at org.testng.SuiteRunner.privateRun(SuiteRunner.java:373)
at org.testng.SuiteRunner.run(SuiteRunner.java:312)
at org.testng.SuiteRunnerWorker.runSuite(SuiteRunnerWorker.java:52)
at org.testng.SuiteRunnerWorker.run(SuiteRunnerWorker.java:95)
at org.testng.TestNG.runSuitesSequentially(TestNG.java:1274)
at org.testng.TestNG.runSuitesLocally(TestNG.java:1208)
at org.testng.TestNG.runSuites(TestNG.java:1112)
at org.testng.TestNG.run(TestNG.java:1079)
at com.intellij.rt.testng.IDEARemoteTestNG.run(IDEARemoteTestNG.java:65)
at com.intellij.rt.testng.RemoteTestNGStarter.main(RemoteTestNGStarter.java:105)
]]>
            </full-stacktrace>
          </exception> <!-- java.lang.AssertionError -->
          <reporter-output>
          </reporter-output>
        </test-method> <!-- testAddAndRemoveOneItem -->
        <test-method signature="testAddNotExistingItem()[pri:0, instance:tests.InventoryTest@8f4ea7c]" started-at="2025-03-21T22:59:43 CET" name="testAddNotExistingItem" finished-at="2025-03-21T22:59:44 CET" duration-ms="189" status="PASS">
          <exception class="java.lang.IllegalArgumentException">
            <message>
              <![CDATA[Item with name: add-to-cart-noitem does not exist.]]>
            </message>
            <full-stacktrace>
              <![CDATA[java.lang.IllegalArgumentException: Item with name: add-to-cart-noitem does not exist.
at pages.InventoryPage.lambda$clickAddRemoveButton$6(InventoryPage.java:98)
at java.base/java.util.Optional.orElseThrow(Optional.java:403)
at pages.InventoryPage.clickAddRemoveButton(InventoryPage.java:98)
at pages.InventoryPage.addItemToCart(InventoryPage.java:85)
at tests.InventoryTest.testAddNotExistingItem(InventoryTest.java:62)
at java.base/jdk.internal.reflect.DirectMethodHandleAccessor.invoke(DirectMethodHandleAccessor.java:103)
at java.base/java.lang.reflect.Method.invoke(Method.java:580)
at org.testng.internal.invokers.MethodInvocationHelper.invokeMethod(MethodInvocationHelper.java:141)
at org.testng.internal.invokers.TestInvoker.invokeMethod(TestInvoker.java:686)
at org.testng.internal.invokers.TestInvoker.invokeTestMethod(TestInvoker.java:230)
at org.testng.internal.invokers.MethodRunner.runInSequence(MethodRunner.java:63)
at org.testng.internal.invokers.TestInvoker$MethodInvocationAgent.invoke(TestInvoker.java:992)
at org.testng.internal.invokers.TestInvoker.invokeTestMethods(TestInvoker.java:203)
at org.testng.internal.invokers.TestMethodWorker.invokeTestMethods(TestMethodWorker.java:154)
at org.testng.internal.invokers.TestMethodWorker.run(TestMethodWorker.java:134)
at java.base/java.util.ArrayList.forEach(ArrayList.java:1597)
at org.testng.TestRunner.privateRun(TestRunner.java:739)
at org.testng.TestRunner.run(TestRunner.java:614)
at org.testng.SuiteRunner.runTest(SuiteRunner.java:421)
at org.testng.SuiteRunner.runSequentially(SuiteRunner.java:413)
at org.testng.SuiteRunner.privateRun(SuiteRunner.java:373)
at org.testng.SuiteRunner.run(SuiteRunner.java:312)
at org.testng.SuiteRunnerWorker.runSuite(SuiteRunnerWorker.java:52)
at org.testng.SuiteRunnerWorker.run(SuiteRunnerWorker.java:95)
at org.testng.TestNG.runSuitesSequentially(TestNG.java:1274)
at org.testng.TestNG.runSuitesLocally(TestNG.java:1208)
at org.testng.TestNG.runSuites(TestNG.java:1112)
at org.testng.TestNG.run(TestNG.java:1079)
at com.intellij.rt.testng.IDEARemoteTestNG.run(IDEARemoteTestNG.java:65)
at com.intellij.rt.testng.RemoteTestNGStarter.main(RemoteTestNGStarter.java:105)
]]>
            </full-stacktrace>
          </exception> <!-- java.lang.IllegalArgumentException -->
          <reporter-output>
          </reporter-output>
        </test-method> <!-- testAddNotExistingItem -->
        <test-method signature="testAddTwoAndRemoveOneItem()[pri:0, instance:tests.InventoryTest@8f4ea7c]" started-at="2025-03-21T22:59:44 CET" name="testAddTwoAndRemoveOneItem" finished-at="2025-03-21T22:59:45 CET" duration-ms="1695" status="PASS">
          <reporter-output>
          </reporter-output>
        </test-method> <!-- testAddTwoAndRemoveOneItem -->
        <test-method is-config="true" signature="tearDown()[pri:0, instance:tests.InventoryTest@8f4ea7c]" started-at="2025-03-21T22:59:45 CET" name="tearDown" finished-at="2025-03-21T22:59:46 CET" duration-ms="986" status="PASS">
          <reporter-output>
          </reporter-output>
        </test-method> <!-- tearDown -->
      </class> <!-- tests.InventoryTest -->
      <class name="tests.FilterTest">
        <test-method is-config="true" signature="setUp()[pri:0, instance:tests.FilterTest@3febb011]" started-at="2025-03-21T23:00:03 CET" name="setUp" finished-at="2025-03-21T23:00:08 CET" duration-ms="4596" status="PASS">
          <reporter-output>
          </reporter-output>
        </test-method> <!-- setUp -->
        <test-method is-config="true" signature="logInPage()[pri:0, instance:tests.FilterTest@3febb011]" started-at="2025-03-21T23:00:08 CET" name="logInPage" finished-at="2025-03-21T23:00:09 CET" duration-ms="1348" status="PASS">
          <reporter-output>
          </reporter-output>
        </test-method> <!-- logInPage -->
        <test-method signature="testFilterByNameDescending()[pri:0, instance:tests.FilterTest@3febb011]" started-at="2025-03-21T23:00:09 CET" name="testFilterByNameDescending" finished-at="2025-03-21T23:00:10 CET" duration-ms="444" status="PASS">
          <reporter-output>
          </reporter-output>
        </test-method> <!-- testFilterByNameDescending -->
        <test-method signature="testFilterByPriceAscending()[pri:0, instance:tests.FilterTest@3febb011]" started-at="2025-03-21T23:00:10 CET" name="testFilterByPriceAscending" finished-at="2025-03-21T23:00:10 CET" duration-ms="455" status="PASS">
          <reporter-output>
          </reporter-output>
        </test-method> <!-- testFilterByPriceAscending -->
        <test-method signature="testFilterByPriceDescending()[pri:0, instance:tests.FilterTest@3febb011]" started-at="2025-03-21T23:00:10 CET" name="testFilterByPriceDescending" finished-at="2025-03-21T23:00:11 CET" duration-ms="411" status="PASS">
          <reporter-output>
          </reporter-output>
        </test-method> <!-- testFilterByPriceDescending -->
        <test-method signature="testFilterOptions()[pri:0, instance:tests.FilterTest@3febb011]" started-at="2025-03-21T23:00:11 CET" name="testFilterOptions" finished-at="2025-03-21T23:00:11 CET" duration-ms="195" status="PASS">
          <reporter-output>
          </reporter-output>
        </test-method> <!-- testFilterOptions -->
        <test-method signature="testSelectedOption()[pri:0, instance:tests.FilterTest@3febb011]" started-at="2025-03-21T23:00:11 CET" name="testSelectedOption" finished-at="2025-03-21T23:00:11 CET" duration-ms="357" status="PASS">
          <reporter-output>
          </reporter-output>
        </test-method> <!-- testSelectedOption -->
        <test-method is-config="true" signature="tearDown()[pri:0, instance:tests.FilterTest@3febb011]" started-at="2025-03-21T23:00:11 CET" name="tearDown" finished-at="2025-03-21T23:00:12 CET" duration-ms="419" status="PASS">
          <reporter-output>
          </reporter-output>
        </test-method> <!-- tearDown -->
      </class> <!-- tests.FilterTest -->
      <class name="tests.CartTest">
        <test-method is-config="true" signature="setUp()[pri:0, instance:tests.CartTest@74fe5c40]" started-at="2025-03-21T22:59:54 CET" name="setUp" finished-at="2025-03-21T22:59:59 CET" duration-ms="4724" status="PASS">
          <reporter-output>
          </reporter-output>
        </test-method> <!-- setUp -->
        <test-method is-config="true" signature="logInPage()[pri:0, instance:tests.CartTest@74fe5c40]" started-at="2025-03-21T22:59:59 CET" name="logInPage" finished-at="2025-03-21T22:59:59 CET" duration-ms="805" status="PASS">
          <reporter-output>
          </reporter-output>
        </test-method> <!-- logInPage -->
        <test-method signature="testCartWithTwoItems()[pri:1, instance:tests.CartTest@74fe5c40]" started-at="2025-03-21T22:59:59 CET" name="testCartWithTwoItems" finished-at="2025-03-21T23:00:01 CET" duration-ms="1866" status="PASS">
          <reporter-output>
          </reporter-output>
        </test-method> <!-- testCartWithTwoItems -->
        <test-method signature="testCartWithThreeItems()[pri:2, instance:tests.CartTest@74fe5c40]" started-at="2025-03-21T23:00:01 CET" name="testCartWithThreeItems" finished-at="2025-03-21T23:00:03 CET" duration-ms="1769" status="PASS">
          <reporter-output>
          </reporter-output>
        </test-method> <!-- testCartWithThreeItems -->
        <test-method is-config="true" signature="tearDown()[pri:0, instance:tests.CartTest@74fe5c40]" started-at="2025-03-21T23:00:03 CET" name="tearDown" finished-at="2025-03-21T23:00:03 CET" duration-ms="428" status="PASS">
          <reporter-output>
          </reporter-output>
        </test-method> <!-- tearDown -->
      </class> <!-- tests.CartTest -->
      <class name="tests.LogInTest">
        <test-method is-config="true" signature="setUp()[pri:0, instance:tests.LogInTest@6356695f]" started-at="2025-03-21T22:59:28 CET" name="setUp" finished-at="2025-03-21T22:59:34 CET" duration-ms="6176" status="PASS">
          <reporter-output>
          </reporter-output>
        </test-method> <!-- setUp -->
        <test-method is-config="true" signature="navigateToLoginPage()[pri:0, instance:tests.LogInTest@6356695f]" started-at="2025-03-21T22:59:34 CET" name="navigateToLoginPage" finished-at="2025-03-21T22:59:34 CET" duration-ms="176" status="PASS">
          <reporter-output>
          </reporter-output>
        </test-method> <!-- navigateToLoginPage -->
        <test-method signature="testLogInSuccessful()[pri:0, instance:tests.LogInTest@6356695f]" started-at="2025-03-21T22:59:34 CET" name="testLogInSuccessful" finished-at="2025-03-21T22:59:35 CET" duration-ms="895" status="PASS">
          <reporter-output>
          </reporter-output>
        </test-method> <!-- testLogInSuccessful -->
        <test-method is-config="true" signature="navigateToLoginPage()[pri:0, instance:tests.LogInTest@6356695f]" started-at="2025-03-21T22:59:35 CET" name="navigateToLoginPage" finished-at="2025-03-21T22:59:36 CET" duration-ms="161" status="PASS">
          <reporter-output>
          </reporter-output>
        </test-method> <!-- navigateToLoginPage -->
        <test-method signature="testLogInWithWrongUserName()[pri:0, instance:tests.LogInTest@6356695f]" started-at="2025-03-21T22:59:36 CET" name="testLogInWithWrongUserName" finished-at="2025-03-21T22:59:36 CET" duration-ms="617" status="PASS">
          <reporter-output>
          </reporter-output>
        </test-method> <!-- testLogInWithWrongUserName -->
        <test-method is-config="true" signature="tearDown()[pri:0, instance:tests.LogInTest@6356695f]" started-at="2025-03-21T22:59:36 CET" name="tearDown" finished-at="2025-03-21T22:59:37 CET" duration-ms="466" status="PASS">
          <reporter-output>
          </reporter-output>
        </test-method> <!-- tearDown -->
      </class> <!-- tests.LogInTest -->
      <class name="tests.CheckoutTwoPageTest">
        <test-method is-config="true" signature="setUp()[pri:0, instance:tests.CheckoutTwoPageTest@2002fc1d]" started-at="2025-03-21T23:00:19 CET" name="setUp" finished-at="2025-03-21T23:00:23 CET" duration-ms="3698" status="PASS">
          <reporter-output>
          </reporter-output>
        </test-method> <!-- setUp -->
        <test-method is-config="true" signature="logInPage()[pri:0, instance:tests.CheckoutTwoPageTest@2002fc1d]" started-at="2025-03-21T23:00:23 CET" name="logInPage" finished-at="2025-03-21T23:00:26 CET" duration-ms="2595" status="PASS">
          <reporter-output>
          </reporter-output>
        </test-method> <!-- logInPage -->
        <test-method signature="testCheckoutTwoPage()[pri:0, instance:tests.CheckoutTwoPageTest@2002fc1d]" started-at="2025-03-21T23:00:26 CET" name="testCheckoutTwoPage" finished-at="2025-03-21T23:00:26 CET" duration-ms="585" status="PASS">
          <reporter-output>
          </reporter-output>
        </test-method> <!-- testCheckoutTwoPage -->
        <test-method signature="testCheckoutTwoPageAndAddOneItem()[pri:0, instance:tests.CheckoutTwoPageTest@2002fc1d]" started-at="2025-03-21T23:00:26 CET" name="testCheckoutTwoPageAndAddOneItem" finished-at="2025-03-21T23:00:28 CET" duration-ms="1826" status="PASS">
          <reporter-output>
          </reporter-output>
        </test-method> <!-- testCheckoutTwoPageAndAddOneItem -->
        <test-method is-config="true" signature="tearDown()[pri:0, instance:tests.CheckoutTwoPageTest@2002fc1d]" started-at="2025-03-21T23:00:28 CET" name="tearDown" finished-at="2025-03-21T23:00:28 CET" duration-ms="454" status="PASS">
          <reporter-output>
          </reporter-output>
        </test-method> <!-- tearDown -->
      </class> <!-- tests.CheckoutTwoPageTest -->
      <class name="tests.CheckoutOnePageTest">
        <test-method is-config="true" signature="setUp()[pri:0, instance:tests.CheckoutOnePageTest@6200f9cb]" started-at="2025-03-21T23:00:12 CET" name="setUp" finished-at="2025-03-21T23:00:16 CET" duration-ms="3899" status="PASS">
          <reporter-output>
          </reporter-output>
        </test-method> <!-- setUp -->
        <test-method is-config="true" signature="logInPage()[pri:0, instance:tests.CheckoutOnePageTest@6200f9cb]" started-at="2025-03-21T23:00:16 CET" name="logInPage" finished-at="2025-03-21T23:00:17 CET" duration-ms="1599" status="PASS">
          <reporter-output>
          </reporter-output>
        </test-method> <!-- logInPage -->
        <test-method signature="testCheckoutPage()[pri:0, instance:tests.CheckoutOnePageTest@6200f9cb]" started-at="2025-03-21T23:00:17 CET" name="testCheckoutPage" finished-at="2025-03-21T23:00:19 CET" duration-ms="1566" status="PASS">
          <reporter-output>
          </reporter-output>
        </test-method> <!-- testCheckoutPage -->
        <test-method is-config="true" signature="tearDown()[pri:0, instance:tests.CheckoutOnePageTest@6200f9cb]" started-at="2025-03-21T23:00:19 CET" name="tearDown" finished-at="2025-03-21T23:00:19 CET" duration-ms="494" status="PASS">
          <reporter-output>
          </reporter-output>
        </test-method> <!-- tearDown -->
      </class> <!-- tests.CheckoutOnePageTest -->
    </test> <!-- SauceDemoTest -->
  </suite> <!-- Master Suite -->
</testng-results>
